[AutoTrade][08:07:46] [INFO] 执行第1条交易指令: {'operation_comment': '基于多时间框架看涨共振、MACD强劲动能和持仓量增长，ETH-USDT-SWAP呈现强劲上涨趋势。尽管恐慌贪婪指数较高，但判断为健康牛市情绪。计划在突破关键阻力后入场做多，严格控制风险。', 'type': 'close', 'price': 2725.0, 'stop_loss': 2880.0, 'take_profit': [{'price': 2750.0, 'size': 0.25}, {'price': 2780.0, 'size': 0.35}, {'price': 2820.0, 'size': 0.4}], 'size': 45.62, 'market': False, 'position_action': 'add_position'}
[AutoTrade][08:07:46] [INFO] 收到平仓指令，开始执行批量撤单和市价平仓
[AutoTrade][08:07:46] [INFO] 批量撤单完成
[AutoTrade][08:07:48] [ERROR] 请求失败: 401 Client Error: Unauthorized for url: https://www.okx.com/api/v5/account/positions?instType=SWAP&instId=ETH-USDT-SWAP
[AutoTrade][08:07:48] [ERROR] 获取持仓信息失败: 401 Client Error: Unauthorized for url: https://www.okx.com/api/v5/account/positions?instType=SWAP&instId=ETH-USDT-SWAP
[AutoTrade][08:07:48] [ERROR] 市价平仓失败: {'success': False, 'error': '401 Client Error: Unauthorized for url: https://www.okx.com/api/v5/account/positions?instType=SWAP&instId=ETH-USDT-SWAP', 'response': {'code': '-1', 'msg': '401 Client Error: Unauthorized for url: https://www.okx.com/api/v5/account/positions?instType=SWAP&instId=ETH-USDT-SWAP', 'data': []}}
[AutoTrade][08:10:49] [INFO] 执行第1条交易指令: {'operation_comment': '基于多时间框架看涨共振、MACD强劲动能和持仓量增长，ETH-USDT-SWAP呈现强劲上涨趋势。尽管恐慌贪婪指数较高，但判断为健康牛市情绪。计划在突破关键阻力后入场做多，严格控制风险。', 'type': 'close', 'price': 2725.0, 'stop_loss': 2880.0, 'take_profit': [{'price': 2750.0, 'size': 0.25}, {'price': 2780.0, 'size': 0.35}, {'price': 2820.0, 'size': 0.4}], 'size': 45.62, 'market': False, 'position_action': 'add_position'}
[AutoTrade][08:10:49] [INFO] 收到平仓指令，开始执行批量撤单和市价平仓
[AutoTrade][08:10:49] [INFO] 批量撤单完成
[AutoTrade][08:10:50] [ERROR] 请求失败: 401 Client Error: Unauthorized for url: https://www.okx.com/api/v5/account/positions?instType=SWAP&instId=ETH-USDT-SWAP
[AutoTrade][08:10:50] [ERROR] 获取持仓信息失败: 401 Client Error: Unauthorized for url: https://www.okx.com/api/v5/account/positions?instType=SWAP&instId=ETH-USDT-SWAP
[AutoTrade][08:10:50] [ERROR] 市价平仓失败: {'success': False, 'error': '401 Client Error: Unauthorized for url: https://www.okx.com/api/v5/account/positions?instType=SWAP&instId=ETH-USDT-SWAP', 'response': {'code': '-1', 'msg': '401 Client Error: Unauthorized for url: https://www.okx.com/api/v5/account/positions?instType=SWAP&instId=ETH-USDT-SWAP', 'data': []}}
[AutoTrade][08:11:21] [INFO] 执行第1条交易指令: {'operation_comment': '基于多时间框架看涨共振、MACD强劲动能和持仓量增长，ETH-USDT-SWAP呈现强劲上涨趋势。尽管恐慌贪婪指数较高，但判断为健康牛市情绪。计划在突破关键阻力后入场做多，严格控制风险。', 'type': 'sell', 'price': 2725.0, 'stop_loss': 2880.0, 'take_profit': [{'price': 2750.0, 'size': 0.25}, {'price': 2780.0, 'size': 0.35}, {'price': 2820.0, 'size': 0.4}], 'size': 45.62, 'market': False, 'position_action': 'add_position'}
[AutoTrade][08:11:21] [ERROR] 交易指令执行异常: place_order() got an unexpected keyword argument 'tdMode'
[AutoTrade][08:13:26] [INFO] 执行第1条交易指令: {'operation_comment': '基于多时间框架看涨共振、MACD强劲动能和持仓量增长，ETH-USDT-SWAP呈现强劲上涨趋势。尽管恐慌贪婪指数较高，但判断为健康牛市情绪。计划在突破关键阻力后入场做多，严格控制风险。', 'type': 'sell', 'price': 2725.0, 'stop_loss': 2880.0, 'take_profit': [{'price': 2750.0, 'size': 0.25}, {'price': 2780.0, 'size': 0.35}, {'price': 2820.0, 'size': 0.4}], 'size': 45.62, 'market': False, 'position_action': 'add_position'}
[AutoTrade][08:13:27] [ERROR] 请求失败: 401 Client Error: Unauthorized for url: https://www.okx.com/api/v5/trade/order
[AutoTrade][08:13:27] [ERROR] 交易指令执行失败: {'success': False, 'response': {'code': '-1', 'msg': '401 Client Error: Unauthorized for url: https://www.okx.com/api/v5/trade/order', 'data': []}}
[AutoTrade][08:16:57] [INFO] 执行第1条交易指令: {'operation_comment': '基于多时间框架看涨共振、MACD强劲动能和持仓量增长，ETH-USDT-SWAP呈现强劲上涨趋势。尽管恐慌贪婪指数较高，但判断为健康牛市情绪。计划在突破关键阻力后入场做多，严格控制风险。', 'type': 'sell', 'price': 2725.0, 'stop_loss': 2880.0, 'take_profit': [{'price': 2750.0, 'size': 0.25}, {'price': 2780.0, 'size': 0.35}, {'price': 2820.0, 'size': 0.4}], 'size': 45.62, 'market': False, 'position_action': 'add_position'}
[AutoTrade][08:16:58] [ERROR] 请求失败: 401 Client Error: Unauthorized for url: https://www.okx.com/api/v5/trade/order
[AutoTrade][08:16:58] [ERROR] 交易指令执行失败: {'success': False, 'response': {'code': '-1', 'msg': '401 Client Error: Unauthorized for url: https://www.okx.com/api/v5/trade/order', 'data': []}}
[AutoTrade][08:17:23] [INFO] 执行第1条交易指令: {'operation_comment': '基于多时间框架看涨共振、MACD强劲动能和持仓量增长，ETH-USDT-SWAP呈现强劲上涨趋势。尽管恐慌贪婪指数较高，但判断为健康牛市情绪。计划在突破关键阻力后入场做多，严格控制风险。', 'type': 'sell', 'price': 2725.0, 'stop_loss': 2880.0, 'take_profit': [{'price': 2750.0, 'size': 0.25}, {'price': 2780.0, 'size': 0.35}, {'price': 2820.0, 'size': 0.4}], 'size': 45.62, 'market': False, 'position_action': 'add_position'}
[AutoTrade][08:17:24] [ERROR] 请求失败: 401 Client Error: Unauthorized for url: https://www.okx.com/api/v5/trade/order
[AutoTrade][08:17:24] [ERROR] 交易指令执行失败: {'success': False, 'response': {'code': '-1', 'msg': '401 Client Error: Unauthorized for url: https://www.okx.com/api/v5/trade/order', 'data': []}}
[AutoTrade][08:17:45] [INFO] 执行第1条交易指令: {'operation_comment': '基于多时间框架看涨共振、MACD强劲动能和持仓量增长，ETH-USDT-SWAP呈现强劲上涨趋势。尽管恐慌贪婪指数较高，但判断为健康牛市情绪。计划在突破关键阻力后入场做多，严格控制风险。', 'type': 'sell', 'price': 2725.0, 'stop_loss': 2880.0, 'take_profit': [{'price': 2750.0, 'size': 0.25}, {'price': 2780.0, 'size': 0.35}, {'price': 2820.0, 'size': 0.4}], 'size': 45.62, 'market': False, 'position_action': 'add_position'}
[AutoTrade][08:17:46] [ERROR] 请求失败: 404 Client Error: Not Found for url: https://www.okx.com/api/v5/trade/test-order/api/v5/trade/order
[AutoTrade][08:17:46] [ERROR] 交易指令执行失败: {'success': False, 'response': {'code': '-1', 'msg': '404 Client Error: Not Found for url: https://www.okx.com/api/v5/trade/test-order/api/v5/trade/order', 'data': []}}
[AutoTrade][08:19:31] [INFO] 执行第1条交易指令: {'operation_comment': '基于多时间框架看涨共振、MACD强劲动能和持仓量增长，ETH-USDT-SWAP呈现强劲上涨趋势。尽管恐慌贪婪指数较高，但判断为健康牛市情绪。计划在突破关键阻力后入场做多，严格控制风险。', 'type': 'sell', 'price': 2725.0, 'stop_loss': 2880.0, 'take_profit': [{'price': 2750.0, 'size': 0.25}, {'price': 2780.0, 'size': 0.35}, {'price': 2820.0, 'size': 0.4}], 'size': 45.62, 'market': False, 'position_action': 'add_position'}
[AutoTrade][08:19:31] [INFO] 发送请求: POST https://www.okx.com/api/v5/trade/order
[AutoTrade][08:19:31] [INFO] 请求体: {"instId": "ETH-USDT-SWAP", "tdMode": "isolated", "side": "sell", "ordType": "limit", "sz": "45.62", "posSide": "short", "lever": "100", "px": "2725.0"}
[AutoTrade][08:19:32] [ERROR] 请求失败: 401 Client Error: Unauthorized for url: https://www.okx.com/api/v5/trade/order
[AutoTrade][08:19:32] [ERROR] 交易指令执行失败: {'success': False, 'response': {'code': '-1', 'msg': '401 Client Error: Unauthorized for url: https://www.okx.com/api/v5/trade/order', 'data': []}}
[AutoTrade][08:19:56] [INFO] 执行第1条交易指令: {'operation_comment': '基于多时间框架看涨共振、MACD强劲动能和持仓量增长，ETH-USDT-SWAP呈现强劲上涨趋势。尽管恐慌贪婪指数较高，但判断为健康牛市情绪。计划在突破关键阻力后入场做多，严格控制风险。', 'type': 'sell', 'price': 2725.0, 'stop_loss': 2880.0, 'take_profit': [{'price': 2750.0, 'size': 0.25}, {'price': 2780.0, 'size': 0.35}, {'price': 2820.0, 'size': 0.4}], 'size': 45.62, 'market': False, 'position_action': 'add_position'}
[AutoTrade][08:19:56] [INFO] 发送请求: POST https://www.okx-testnet.com/api/v5/trade/order
[AutoTrade][08:19:56] [INFO] 请求体: {"instId": "ETH-USDT-SWAP", "tdMode": "isolated", "side": "sell", "ordType": "limit", "sz": "45.62", "posSide": "short", "lever": "100", "px": "2725.0"}
[AutoTrade][08:20:09] [ERROR] 请求失败: HTTPSConnectionPool(host='www.okx-testnet.com', port=443): Max retries exceeded with url: /api/v5/trade/order (Caused by SSLError(SSLEOFError(8, '[SSL: UNEXPECTED_EOF_WHILE_READING] EOF occurred in violation of protocol (_ssl.c:1028)')))
[AutoTrade][08:20:09] [ERROR] 交易指令执行失败: {'success': False, 'response': {'code': '-1', 'msg': "HTTPSConnectionPool(host='www.okx-testnet.com', port=443): Max retries exceeded with url: /api/v5/trade/order (Caused by SSLError(SSLEOFError(8, '[SSL: UNEXPECTED_EOF_WHILE_READING] EOF occurred in violation of protocol (_ssl.c:1028)')))", 'data': []}}
[AutoTrade][08:21:03] [INFO] 执行第1条交易指令: {'operation_comment': '基于多时间框架看涨共振、MACD强劲动能和持仓量增长，ETH-USDT-SWAP呈现强劲上涨趋势。尽管恐慌贪婪指数较高，但判断为健康牛市情绪。计划在突破关键阻力后入场做多，严格控制风险。', 'type': 'sell', 'price': 2725.0, 'stop_loss': 2880.0, 'take_profit': [{'price': 2750.0, 'size': 0.25}, {'price': 2780.0, 'size': 0.35}, {'price': 2820.0, 'size': 0.4}], 'size': 45.62, 'market': False, 'position_action': 'add_position'}
[AutoTrade][08:21:03] [INFO] 发送请求: POST https://www.okx.com/api/v5/trade/order
[AutoTrade][08:21:03] [INFO] 请求体: {"instId": "ETH-USDT-SWAP", "tdMode": "isolated", "side": "sell", "ordType": "limit", "sz": "45.62", "posSide": "short", "lever": "100", "px": "2725.0"}
[AutoTrade][08:21:04] [ERROR] 请求失败: 401 Client Error: Unauthorized for url: https://www.okx.com/api/v5/trade/order
[AutoTrade][08:21:04] [ERROR] 交易指令执行失败: {'success': False, 'response': {'code': '-1', 'msg': '401 Client Error: Unauthorized for url: https://www.okx.com/api/v5/trade/order', 'data': []}}
[AutoTrade][08:22:15] [INFO] 执行第1条交易指令: {'operation_comment': '基于多时间框架看涨共振、MACD强劲动能和持仓量增长，ETH-USDT-SWAP呈现强劲上涨趋势。尽管恐慌贪婪指数较高，但判断为健康牛市情绪。计划在突破关键阻力后入场做多，严格控制风险。', 'type': 'sell', 'price': 2725.0, 'stop_loss': 2880.0, 'take_profit': [{'price': 2750.0, 'size': 0.25}, {'price': 2780.0, 'size': 0.35}, {'price': 2820.0, 'size': 0.4}], 'size': 45.62, 'market': False, 'position_action': 'add_position'}
[AutoTrade][08:22:16] [ERROR] 请求失败: 401 Client Error: Unauthorized for url: https://www.okx.com/api/v5/trade/order
[AutoTrade][08:22:16] [ERROR] 交易指令执行失败: {'success': False, 'response': {'code': '-1', 'msg': '401 Client Error: Unauthorized for url: https://www.okx.com/api/v5/trade/order', 'data': []}}
[AutoTrade][08:23:16] [INFO] 执行第1条交易指令: {'operation_comment': '基于多时间框架看涨共振、MACD强劲动能和持仓量增长，ETH-USDT-SWAP呈现强劲上涨趋势。尽管恐慌贪婪指数较高，但判断为健康牛市情绪。计划在突破关键阻力后入场做多，严格控制风险。', 'type': 'sell', 'price': 2725.0, 'stop_loss': 2880.0, 'take_profit': [{'price': 2750.0, 'size': 0.25}, {'price': 2740.0, 'size': 0.35}, {'price': 2730.0, 'size': 0.4}], 'size': 45.62, 'market': False, 'position_action': 'add_position'}
[AutoTrade][08:23:17] [ERROR] 请求失败: 401 Client Error: Unauthorized for url: https://www.okx.com/api/v5/trade/order
[AutoTrade][08:23:17] [ERROR] 交易指令执行失败: {'success': False, 'response': {'code': '-1', 'msg': '401 Client Error: Unauthorized for url: https://www.okx.com/api/v5/trade/order', 'data': []}}
[AutoTrade][08:27:49] [INFO] 执行第1条交易指令: {'operation_comment': '基于多时间框架看涨共振、MACD强劲动能和持仓量增长，ETH-USDT-SWAP呈现强劲上涨趋势。尽管恐慌贪婪指数较高，但判断为健康牛市情绪。计划在突破关键阻力后入场做多，严格控制风险。', 'type': 'sell', 'price': 2725.0, 'stop_loss': 2880.0, 'take_profit': [{'price': 2750.0, 'size': 0.25}, {'price': 2740.0, 'size': 0.35}, {'price': 2730.0, 'size': 0.4}], 'size': 45.62, 'market': False, 'position_action': 'add_position'}
[AutoTrade][08:27:50] [ERROR] 请求失败: 401 Client Error: Unauthorized for url: https://www.okx.com/api/v5/trade/order
[AutoTrade][08:27:50] [ERROR] 交易指令执行失败: {'success': False, 'response': {'code': '-1', 'msg': '401 Client Error: Unauthorized for url: https://www.okx.com/api/v5/trade/order', 'data': []}}
